<?xml version="1.0" encoding="UTF-8"?>
<testsuite xmlns:xsi="http://www.w3.org/2001/XMLSchema-instance" xsi:noNamespaceSchemaLocation="https://maven.apache.org/surefire/maven-surefire-plugin/xsd/surefire-test-report-3.0.xsd" version="3.0" name="com.carbonedge.backend.BackendApplicationTests" time="12.651" tests="1" errors="0" skipped="0" failures="0">
  <properties>
[...]
</properties>
  <testcase name="contextLoads" classname="com.carbonedge.backend.BackendApplicationTests" time="10.696">
    <system-out><![CDATA[17:34:37.738 [main] INFO org.springframework.test.context.support.AnnotationConfigContextLoaderUtils -- Could not detect default configuration classes for test class [com.carbonedge.backend.BackendApplicationTests]: BackendApplicationTests does not declare any static, non-private, non-final, nested classes annotated with @Configuration.
17:34:37.779 [main] INFO org.springframework.boot.test.context.SpringBootTestContextBootstrapper -- Found @SpringBootConfiguration com.carbonedge.backend.BackendApplication for test class com.carbonedge.backend.BackendApplicationTests

  .   ____          _            __ _ _
 /\\ / ___'_ __ _ _(_)_ __  __ _ \ \ \ \
( ( )\___ | '_ | '_| | '_ \/ _` | \ \ \ \
 \\/  ___)| |_)| | | | | || (_| |  ) ) ) )
  '  |____| .__|_| |_|_| |_\__, | / / / /
 =========|_|==============|___/=/_/_/_/

 :: Spring Boot ::                (v3.3.5)

2026-06-02T17:34:37.928+07:00  INFO 22401 --- [           main] c.c.backend.BackendApplicationTests      : Starting BackendApplicationTests using Java 21.0.1 with PID 22401 (started by tonny in /Users/tonny/Workspace/06-CarbonEdge/Coding/e-learning/backend)
2026-06-02T17:34:37.929+07:00  INFO 22401 --- [           main] c.c.backend.BackendApplicationTests      : No active profile set, falling back to 1 default profile: "default"
2026-06-02T17:34:38.171+07:00  INFO 22401 --- [           main] .s.d.r.c.RepositoryConfigurationDelegate : Bootstrapping Spring Data JPA repositories in DEFAULT mode.
2026-06-02T17:34:38.196+07:00  INFO 22401 --- [           main] .s.d.r.c.RepositoryConfigurationDelegate : Finished Spring Data repository scanning in 22 ms. Found 4 JPA repository interfaces.
2026-06-02T17:34:38.344+07:00  INFO 22401 --- [           main] com.zaxxer.hikari.HikariDataSource       : HikariPool-1 - Starting...
2026-06-02T17:34:38.431+07:00  INFO 22401 --- [           main] com.zaxxer.hikari.pool.HikariPool        : HikariPool-1 - Added connection conn0: url=jdbc:h2:mem:testdb user=SA
2026-06-02T17:34:38.432+07:00  INFO 22401 --- [           main] com.zaxxer.hikari.HikariDataSource       : HikariPool-1 - Start completed.
2026-06-02T17:34:38.455+07:00  INFO 22401 --- [           main] liquibase.database                       : Set default schema name to PUBLIC
2026-06-02T17:34:38.561+07:00  INFO 22401 --- [           main] liquibase.changelog                      : Creating database history table with name: PUBLIC.DATABASECHANGELOG
2026-06-02T17:34:38.592+07:00  INFO 22401 --- [           main] liquibase.changelog                      : Reading from PUBLIC.DATABASECHANGELOG
2026-06-02T17:34:38.626+07:00  INFO 22401 --- [           main] liquibase.lockservice                    : Successfully acquired change log lock
2026-06-02T17:34:38.626+07:00  INFO 22401 --- [           main] liquibase.command                        : Using deploymentId: 0396478626
2026-06-02T17:34:38.626+07:00  INFO 22401 --- [           main] liquibase.changelog                      : Reading from PUBLIC.DATABASECHANGELOG
2026-06-02T17:34:38.637+07:00  INFO 22401 --- [           main] liquibase.ui                             : Running Changeset: db/changelog/changes/001-create-user-auth-schema.yaml::001-create-users-table::codex
2026-06-02T17:34:38.640+07:00  INFO 22401 --- [           main] liquibase.changelog                      : Table users created
2026-06-02T17:34:38.641+07:00  INFO 22401 --- [           main] liquibase.changelog                      : ChangeSet db/changelog/changes/001-create-user-auth-schema.yaml::001-create-users-table::codex ran successfully in 4ms
2026-06-02T17:34:38.643+07:00  INFO 22401 --- [           main] liquibase.ui                             : Running Changeset: db/changelog/changes/001-create-user-auth-schema.yaml::002-create-moodle-user-mappings-table::codex
2026-06-02T17:34:38.645+07:00  INFO 22401 --- [           main] liquibase.changelog                      : Table moodle_user_mappings created
2026-06-02T17:34:38.646+07:00  INFO 22401 --- [           main] liquibase.changelog                      : Foreign key constraint added to moodle_user_mappings (user_id)
2026-06-02T17:34:38.647+07:00  INFO 22401 --- [           main] liquibase.changelog                      : ChangeSet db/changelog/changes/001-create-user-auth-schema.yaml::002-create-moodle-user-mappings-table::codex ran successfully in 4ms
2026-06-02T17:34:38.648+07:00  INFO 22401 --- [           main] liquibase.ui                             : Running Changeset: db/changelog/changes/001-create-user-auth-schema.yaml::003-create-auth-sessions-table::codex
2026-06-02T17:34:38.649+07:00  INFO 22401 --- [           main] liquibase.changelog                      : Table auth_sessions created
2026-06-02T17:34:38.650+07:00  INFO 22401 --- [           main] liquibase.changelog                      : Foreign key constraint added to auth_sessions (user_id)
2026-06-02T17:34:38.650+07:00  INFO 22401 --- [           main] liquibase.changelog                      : ChangeSet db/changelog/changes/001-create-user-auth-schema.yaml::003-create-auth-sessions-table::codex ran successfully in 2ms
2026-06-02T17:34:38.651+07:00  INFO 22401 --- [           main] liquibase.ui                             : Running Changeset: db/changelog/changes/002-create-launch-tokens.yaml::004-create-launch-tokens-table::codex
2026-06-02T17:34:38.653+07:00  INFO 22401 --- [           main] liquibase.changelog                      : Table launch_tokens created
2026-06-02T17:34:38.653+07:00  INFO 22401 --- [           main] liquibase.changelog                      : Foreign key constraint added to launch_tokens (user_id)
2026-06-02T17:34:38.654+07:00  INFO 22401 --- [           main] liquibase.changelog                      : ChangeSet db/changelog/changes/002-create-launch-tokens.yaml::004-create-launch-tokens-table::codex ran successfully in 2ms
2026-06-02T17:34:38.656+07:00  INFO 22401 --- [           main] liquibase.util                           : UPDATE SUMMARY
2026-06-02T17:34:38.656+07:00  INFO 22401 --- [           main] liquibase.util                           : Run:                          4
2026-06-02T17:34:38.656+07:00  INFO 22401 --- [           main] liquibase.util                           : Previously run:               0
2026-06-02T17:34:38.656+07:00  INFO 22401 --- [           main] liquibase.util                           : Filtered out:                 0
2026-06-02T17:34:38.656+07:00  INFO 22401 --- [           main] liquibase.util                           : -------------------------------
2026-06-02T17:34:38.656+07:00  INFO 22401 --- [           main] liquibase.util                           : Total change sets:            4
2026-06-02T17:34:38.657+07:00  INFO 22401 --- [           main] liquibase.util                           : Update summary generated
2026-06-02T17:34:38.658+07:00  INFO 22401 --- [           main] liquibase.command                        : Update command completed successfully.
2026-06-02T17:34:38.658+07:00  INFO 22401 --- [           main] liquibase.ui                             : Liquibase: Update has been successful. Rows affected: 4
2026-06-02T17:34:38.658+07:00  INFO 22401 --- [           main] liquibase.lockservice                    : Successfully released change log lock
2026-06-02T17:34:38.659+07:00  INFO 22401 --- [           main] liquibase.command                        : Command execution complete
2026-06-02T17:34:38.687+07:00  INFO 22401 --- [           main] o.hibernate.jpa.internal.util.LogHelper  : HHH000204: Processing PersistenceUnitInfo [name: default]
2026-06-02T17:34:38.713+07:00  INFO 22401 --- [           main] org.hibernate.Version                    : HHH000412: Hibernate ORM core version 6.5.3.Final
2026-06-02T17:34:38.726+07:00  INFO 22401 --- [           main] o.h.c.internal.RegionFactoryInitiator    : HHH000026: Second-level cache disabled
2026-06-02T17:34:38.825+07:00  INFO 22401 --- [           main] o.s.o.j.p.SpringPersistenceUnitInfo      : No LoadTimeWeaver setup: ignoring JPA class transformer
2026-06-02T17:34:39.172+07:00  INFO 22401 --- [           main] o.h.e.t.j.p.i.JtaPlatformInitiator       : HHH000489: No JTA platform available (set 'hibernate.transaction.jta.platform' to enable JTA platform integration)
2026-06-02T17:34:39.181+07:00  INFO 22401 --- [           main] j.LocalContainerEntityManagerFactoryBean : Initialized JPA EntityManagerFactory for persistence unit 'default'
2026-06-02T17:34:39.294+07:00  INFO 22401 --- [           main] o.s.d.j.r.query.QueryEnhancerFactory     : Hibernate is in classpath; If applicable, HQL parser will be used.
2026-06-02T17:34:39.628+07:00  INFO 22401 --- [           main] c.c.backend.BackendApplicationTests      : Started BackendApplicationTests in 1.804 seconds (process running for 2.137)
]]></system-out>
  </testcase>
</testsuite>